<?xml version="1.0" encoding="UTF-8"?>
<!-- Generated by org.testng.reporters.JUnitReportReporter -->
<testsuite skipped="0" hostname="JATIN-PC" name="cucumberOptions.TestRunner" tests="3" failures="2" timestamp="04 Aug 2020 15:51:44 GMT" time="71.677" errors="0">
  <testcase name="runScenario" time="36.649" classname="cucumberOptions.TestRunner"/>
  <testcase name="runScenario" time="14.076" classname="cucumberOptions.TestRunner">
    <failure type="java.lang.AssertionError" message="The following asserts failed:
	expected [Dashboard - BAKERS 35] but found [Login]">
      <![CDATA[java.lang.AssertionError: The following asserts failed:
expected [Dashboard - BAKERS 35] but found [Login]
at org.testng.asserts.SoftAssert.assertAll(SoftAssert.java:43)
at stepDefinations.stepDefination.verify_that_user_is_succesfully_logged_in(stepDefination.java:50)
at ✽.Verify that user is succesfully logged in(file:///F:/Selenium_new/Lexer_POS_Cucumber/src/test/java/features/login.feature:8)
]]>
    </failure>
  </testcase> <!-- runScenario -->
  <testcase name="runScenario" time="20.952" classname="cucumberOptions.TestRunner">
    <failure type="java.lang.AssertionError" message="The following asserts failed:
	expected [Dashboard - BAKERS 35] but found [Login]">
      <![CDATA[java.lang.AssertionError: The following asserts failed:
expected [Dashboard - BAKERS 35] but found [Login]
at org.testng.asserts.SoftAssert.assertAll(SoftAssert.java:43)
at stepDefinations.stepDefination.verify_that_user_is_succesfully_logged_in(stepDefination.java:50)
at ✽.Verify that user is succesfully logged in(file:///F:/Selenium_new/Lexer_POS_Cucumber/src/test/java/features/login.feature:8)
]]>
    </failure>
  </testcase> <!-- runScenario -->
</testsuite> <!-- cucumberOptions.TestRunner -->
